{"/Users/jaep/Applications/vuejs/vue-todo/src/components/Home.vue": {"path":"/Users/jaep/Applications/vuejs/vue-todo/src/components/Home.vue","statementMap":{"0":{"start":{"line":10,"column":0},"end":{"line":null,"column":-1}},"1":{"start":{"line":18,"column":0},"end":{"line":null,"column":-1}}},"fnMap":{"0":{"name":"data","decl":{"start":{"line":17,"column":0},"end":{"line":null,"column":-1}},"loc":{"start":{"line":17,"column":0},"end":{"line":21,"column":0}}}},"branchMap":{},"s":{"0":0,"1":0},"f":{"0":0},"b":{}}
,"/Users/jaep/Applications/vuejs/vue-todo/src/components/Input/Input.js": {"path":"/Users/jaep/Applications/vuejs/vue-todo/src/components/Input/Input.js","statementMap":{"0":{"start":{"line":1,"column":0},"end":{"line":null,"column":-1}},"1":{"start":{"line":3,"column":18},"end":{"line":3,"column":0}}},"fnMap":{},"branchMap":{},"s":{"0":0,"1":0},"f":{},"b":{}}
,"/Users/jaep/Applications/vuejs/vue-todo/src/components/TodoLists/TodoLists.vue": {"path":"/Users/jaep/Applications/vuejs/vue-todo/src/components/TodoLists/TodoLists.vue","statementMap":{"0":{"start":{"line":11,"column":0},"end":{"line":null,"column":-1}}},"fnMap":{"0":{"name":"data","decl":{"start":{"line":10,"column":0},"end":{"line":null,"column":-1}},"loc":{"start":{"line":10,"column":0},"end":{"line":17,"column":0}}}},"branchMap":{},"s":{"0":0},"f":{"0":0},"b":{}}
}
